[0524/015205.982:ERROR:process_reader_win.cc(151)] SuspendThread: Accès refusé. (0x5)
[0524/015205.986:ERROR:process_reader_win.cc(151)] SuspendThread: Accès refusé. (0x5)
[0524/015205.982:ERROR:process_reader_win.cc(151)] SuspendThread: Accès refusé. (0x5)
[0524/015205.986:ERROR:process_reader_win.cc(151)] SuspendThread: Accès refusé. (0x5)
[0524/015205.986:ERROR:process_reader_win.cc(151)] SuspendThread: Accès refusé. (0x5)
[0524/015205.986:ERROR:process_reader_win.cc(151)] SuspendThread: Accès refusé. (0x5)
[0524/015205.986:ERROR:process_reader_win.cc(123)] NtOpenThread: {Accès refusé} Un processus a demandé l’accès a un objet, mais il ne bénéficie pas des autorisations nécessaires. (0xc0000022)
[0524/015205.986:ERROR:process_reader_win.cc(123)] NtOpenThread: {Accès refusé} Un processus a demandé l’accès a un objet, mais il ne bénéficie pas des autorisations nécessaires. (0xc0000022)
[0524/015205.986:ERROR:process_reader_win.cc(123)] NtOpenThread: {Accès refusé} Un processus a demandé l’accès a un objet, mais il ne bénéficie pas des autorisations nécessaires. (0xc0000022)
[0524/015206.002:ERROR:exception_snapshot_win.cc(98)] thread ID 1508 not found in process
[0524/015206.002:ERROR:exception_snapshot_win.cc(98)] thread ID 8568 not found in process
[0524/015206.006:ERROR:exception_snapshot_win.cc(98)] thread ID 16216 not found in process
[0524/015206.054:ERROR:process_reader_win.cc(151)] SuspendThread: Accès refusé. (0x5)
[0524/015206.054:ERROR:process_reader_win.cc(151)] SuspendThread: Accès refusé. (0x5)
[0524/015206.054:ERROR:process_reader_win.cc(151)] SuspendThread: Accès refusé. (0x5)
[0524/015206.054:ERROR:process_reader_win.cc(151)] SuspendThread: Accès refusé. (0x5)
[0524/015206.054:ERROR:process_reader_win.cc(151)] SuspendThread: Accès refusé. (0x5)
[0524/015206.054:ERROR:process_reader_win.cc(151)] SuspendThread: Accès refusé. (0x5)
[0524/015206.054:ERROR:process_reader_win.cc(151)] SuspendThread: Accès refusé. (0x5)
[0524/015206.054:ERROR:process_reader_win.cc(151)] SuspendThread: Accès refusé. (0x5)
[0524/015206.054:ERROR:process_reader_win.cc(151)] SuspendThread: Accès refusé. (0x5)
[0524/015206.054:ERROR:process_reader_win.cc(151)] SuspendThread: Accès refusé. (0x5)
[0524/015206.054:ERROR:process_reader_win.cc(151)] SuspendThread: Accès refusé. (0x5)
[0524/015206.054:ERROR:process_reader_win.cc(151)] SuspendThread: Accès refusé. (0x5)
[0524/015206.054:ERROR:process_reader_win.cc(151)] SuspendThread: Accès refusé. (0x5)
[0524/015206.054:ERROR:process_reader_win.cc(151)] SuspendThread: Accès refusé. (0x5)
[0524/015206.054:ERROR:process_reader_win.cc(151)] SuspendThread: Accès refusé. (0x5)
[0524/015206.054:ERROR:process_reader_win.cc(151)] SuspendThread: Accès refusé. (0x5)
[0524/015206.054:ERROR:process_reader_win.cc(151)] SuspendThread: Accès refusé. (0x5)
[0524/015206.054:ERROR:process_reader_win.cc(151)] SuspendThread: Accès refusé. (0x5)
[0524/015206.054:ERROR:process_reader_win.cc(151)] SuspendThread: Accès refusé. (0x5)
[0524/015206.054:ERROR:process_reader_win.cc(123)] NtOpenThread: {Accès refusé} Un processus a demandé l’accès a un objet, mais il ne bénéficie pas des autorisations nécessaires. (0xc0000022)
[0524/015206.054:ERROR:exception_snapshot_win.cc(98)] thread ID 6104 not found in process
[0524/015206.054:ERROR:process_reader_win.cc(151)] SuspendThread: Accès refusé. (0x5)
[0524/015206.054:ERROR:process_reader_win.cc(151)] SuspendThread: Accès refusé. (0x5)
[0524/015206.054:ERROR:process_reader_win.cc(151)] SuspendThread: Accès refusé. (0x5)
[0524/015206.054:ERROR:process_reader_win.cc(151)] SuspendThread: Accès refusé. (0x5)
[0524/015206.054:ERROR:process_reader_win.cc(151)] SuspendThread: Accès refusé. (0x5)
[0524/015206.054:ERROR:process_reader_win.cc(151)] SuspendThread: Accès refusé. (0x5)
[0524/015206.054:ERROR:process_reader_win.cc(151)] SuspendThread: Accès refusé. (0x5)
[0524/015206.054:ERROR:process_reader_win.cc(151)] SuspendThread: Accès refusé. (0x5)
[0524/015206.054:ERROR:process_reader_win.cc(123)] NtOpenThread: {Accès refusé} Un processus a demandé l’accès a un objet, mais il ne bénéficie pas des autorisations nécessaires. (0xc0000022)
[0524/015206.054:ERROR:exception_snapshot_win.cc(98)] thread ID 6792 not found in process
[0616/023656.950:ERROR:process_info.cc(118)] ReadProcessMemory bool __cdecl crashpad::(anonymous namespace)::ReadStruct(HANDLE, crashpad::WinVMAddress, T *) [T = crashpad::process_types::PEB<crashpad::process_types::internal::Traits32>]: Seule une partie d’une requête ReadProcessMemory ou WriteProcessMemory a été effectuée. (0x12B)
[0616/023657.500:ERROR:process_info.cc(551)] ReadProcessData failed
[0616/023657.500:ERROR:scoped_process_suspend.cc(40)] NtResumeProcess: Tentative d’accès à un processus en cours d’arrêt. (0xc000010a)
[0625/010031.454:ERROR:scoped_process_suspend.cc(31)] NtSuspendProcess: Tentative d’accès à un processus en cours d’arrêt. (0xc000010a)
[0625/010031.936:ERROR:process_info.cc(118)] ReadProcessMemory bool __cdecl crashpad::(anonymous namespace)::ReadStruct(HANDLE, crashpad::WinVMAddress, T *) [T = crashpad::process_types::PEB<crashpad::process_types::internal::Traits32>]: Seule une partie d’une requête ReadProcessMemory ou WriteProcessMemory a été effectuée. (0x12B)
[0625/010031.936:ERROR:process_info.cc(551)] ReadProcessData failed
